[joshdevkit.github.io/main-app/index.html]
[backblue.gif]
[fade.gif]
[index.html]
[joshdevkit.github.io/main-app/assets/img/logomine.png]
[joshdevkit.github.io/main-app/assets/img/apple-touch-icon.png]
[joshdevkit.github.io/main-app/assets/vendor/bootstrap/css/bootstrap.min.css]
[joshdevkit.github.io/main-app/assets/vendor/bootstrap-icons/bootstrap-icons.css]
[joshdevkit.github.io/main-app/assets/vendor/boxicons/css/boxicons.min.css]
[joshdevkit.github.io/main-app/assets/vendor/glightbox/css/glightbox.min.css]
[joshdevkit.github.io/main-app/assets/vendor/remixicon/remixicon.css]
[joshdevkit.github.io/main-app/assets/vendor/swiper/swiper-bundle.min.css]
[cdnjs.cloudflare.com/ajax/libs/font-awesome/5.15.4/css/all.min.css]
[joshdevkit.github.io/main-app/assets/css/style.css]
[pagead2.googlesyndication.com/pagead/js/fb970.txt]
[joshdevkit.github.io/main-app/index-2.html]
[joshdevkit.github.io/main-app/assets/img/me.jpg]
[joshdevkit.github.io/main-app/assets/img/portfolio/game.png]
[joshdevkit.github.io/main-app/assets/img/portfolio/chatify.png]
[joshdevkit.github.io/main-app/assets/img/portfolio/calculator.png]
[joshdevkit.github.io/main-app/assets/img/portfolio/portfolio-4.jpg]
[joshdevkit.github.io/main-app/assets/img/portfolio/portfolio-5.jpg]
[joshdevkit.github.io/main-app/assets/img/beshifyimg.png]
[joshdevkit.github.io/main-app/assets/img/portfolio/portfolio-7.jpg]
[joshdevkit.github.io/main-app/assets/img/portfolio/portfolio-8.jpg]
[joshdevkit.github.io/main-app/assets/img/portfolio/portfolio-9.jpg]
[joshdevkit.github.io/main-app/assets/vendor/purecounter/purecounter_vanilla.js]
[joshdevkit.github.io/main-app/assets/vendor/bootstrap/js/bootstrap.bundle.min.js]
[joshdevkit.github.io/main-app/assets/vendor/glightbox/js/glightbox.min.js]
[joshdevkit.github.io/main-app/assets/vendor/isotope-layout/isotope.pkgd.min.js]
[joshdevkit.github.io/main-app/assets/vendor/swiper/swiper-bundle.min.js]
[joshdevkit.github.io/main-app/assets/vendor/waypoints/noframework.waypoints.js]
[joshdevkit.github.io/main-app/assets/vendor/php-email-form/validate.js]
[joshdevkit.github.io/main-app/assets/js/main.js]
[joshdevkit.github.io/main-app/index.html]
[joshdevkit.github.io/main-app/assets/img/apple-touch-icon.html]
[joshdevkit.github.io/main-app/assets/vendor/bootstrap/css/bootstrap.min.css]
[joshdevkit.github.io/main-app/assets/vendor/bootstrap-icons/fonts/bootstrap-iconsbf04.woff2]
[joshdevkit.github.io/main-app/assets/vendor/bootstrap-icons/fonts/bootstrap-iconsbf04.woff]
[joshdevkit.github.io/main-app/assets/vendor/bootstrap-icons/bootstrap-icons.css]
[joshdevkit.github.io/main-app/assets/vendor/boxicons/fonts/boxicons.eot]
[joshdevkit.github.io/main-app/assets/vendor/boxicons/fonts/boxicons.woff2]
[joshdevkit.github.io/main-app/assets/vendor/boxicons/fonts/boxicons.woff]
[joshdevkit.github.io/main-app/assets/vendor/boxicons/fonts/boxicons.ttf]
[joshdevkit.github.io/main-app/assets/vendor/boxicons/css/boxicons.min.css]
[joshdevkit.github.io/main-app/assets/vendor/glightbox/css/glightbox.min.css]
[joshdevkit.github.io/main-app/assets/vendor/boxicons/fonts/boxiconsd41d.svg]
[joshdevkit.github.io/main-app/assets/vendor/remixicon/remixicondf6d.eot]
[joshdevkit.github.io/main-app/assets/vendor/remixicon/remixicondf6d.woff2]
[joshdevkit.github.io/main-app/assets/vendor/remixicon/remixicondf6d.woff]
[joshdevkit.github.io/main-app/assets/vendor/remixicon/remixicondf6d.ttf]
[joshdevkit.github.io/main-app/assets/vendor/remixicon/remixicon.css]
[joshdevkit.github.io/main-app/assets/vendor/swiper/swiper-bundle.min.css]
[cdnjs.cloudflare.com/ajax/libs/font-awesome/5.15.4/css/all.min.css]
[joshdevkit.github.io/main-app/assets/vendor/remixicon/remixicondf6d.svg]
[joshdevkit.github.io/main-app/assets/img/bg.png]
[joshdevkit.github.io/main-app/assets/css/style.css]
[joshdevkit.github.io/main-app/index-2.html]
[joshdevkit.github.io/main-app/assets/vendor/boxicons/fonts/boxiconsd41d.svg]
[joshdevkit.github.io/main-app/assets/vendor/remixicon/remixicondf6d.svg]
